<?xml version="1.0" encoding="UTF-8"?>
<testsuite xmlns:xsi="http://www.w3.org/2001/XMLSchema-instance" xsi:noNamespaceSchemaLocation="https://maven.apache.org/surefire/maven-surefire-plugin/xsd/surefire-test-report-3.0.xsd" version="3.0" name="com.kummyong.nifi.ftp.FlexibleFetchFTPTest" time="0.157" tests="2" errors="0" skipped="0" failures="0">
  <properties>
    <property name="java.specification.version" value="17"/>
    <property name="sun.cpu.isalist" value="amd64"/>
    <property name="sun.jnu.encoding" value="MS949"/>
    <property name="java.class.path" value="D:\workspace_java\NifiFetchFtp\flexible-fetch-ftp\target\test-classes;D:\workspace_java\NifiFetchFtp\flexible-fetch-ftp\target\classes;C:\Users\SDS\.m2\repository\org\apache\nifi\nifi-api\1.28.1\nifi-api-1.28.1.jar;C:\Users\SDS\.m2\repository\org\apache\nifi\nifi-utils\1.28.1\nifi-utils-1.28.1.jar;C:\Users\SDS\.m2\repository\org\apache\nifi\nifi-property-utils\1.28.1\nifi-property-utils-1.28.1.jar;C:\Users\SDS\.m2\repository\jakarta\xml\bind\jakarta.xml.bind-api\2.3.3\jakarta.xml.bind-api-2.3.3.jar;C:\Users\SDS\.m2\repository\jakarta\activation\jakarta.activation-api\1.2.2\jakarta.activation-api-1.2.2.jar;C:\Users\SDS\.m2\repository\org\glassfish\jaxb\jaxb-runtime\2.3.9\jaxb-runtime-2.3.9.jar;C:\Users\SDS\.m2\repository\org\glassfish\jaxb\txw2\2.3.9\txw2-2.3.9.jar;C:\Users\SDS\.m2\repository\com\sun\istack\istack-commons-runtime\3.0.12\istack-commons-runtime-3.0.12.jar;C:\Users\SDS\.m2\repository\com\sun\activation\jakarta.activation\1.2.2\jakarta.activation-1.2.2.jar;C:\Users\SDS\.m2\repository\commons-net\commons-net\3.9.0\commons-net-3.9.0.jar;C:\Users\SDS\.m2\repository\org\apache\nifi\nifi-mock\1.28.1\nifi-mock-1.28.1.jar;C:\Users\SDS\.m2\repository\org\apache\nifi\nifi-framework-api\1.28.1\nifi-framework-api-1.28.1.jar;C:\Users\SDS\.m2\repository\org\apache\nifi\nifi-parameter\1.28.1\nifi-parameter-1.28.1.jar;C:\Users\SDS\.m2\repository\org\apache\nifi\nifi-framework-core-api\1.28.1\nifi-framework-core-api-1.28.1.jar;C:\Users\SDS\.m2\repository\org\apache\nifi\nifi-framework-nar-utils\1.28.1\nifi-framework-nar-utils-1.28.1.jar;C:\Users\SDS\.m2\repository\org\apache\nifi\nifi-runtime-manifest-core\1.28.1\nifi-runtime-manifest-core-1.28.1.jar;C:\Users\SDS\.m2\repository\org\apache\nifi\nifi-extension-manifest-model\1.28.1\nifi-extension-manifest-model-1.28.1.jar;C:\Users\SDS\.m2\repository\org\apache\nifi\nifi-extension-manifest-parser\1.28.1\nifi-extension-manifest-parser-1.28.1.jar;C:\Users\SDS\.m2\repository\org\apache\nifi\nifi-client-dto\1.28.1\nifi-client-dto-1.28.1.jar;C:\Users\SDS\.m2\repository\io\swagger\swagger-annotations\1.6.14\swagger-annotations-1.6.14.jar;C:\Users\SDS\.m2\repository\org\apache\nifi\c2-protocol-component-api\1.28.1\c2-protocol-component-api-1.28.1.jar;C:\Users\SDS\.m2\repository\org\apache\nifi\nifi-site-to-site-client\1.28.1\nifi-site-to-site-client-1.28.1.jar;C:\Users\SDS\.m2\repository\org\apache\nifi\nifi-security-ssl\1.28.1\nifi-security-ssl-1.28.1.jar;C:\Users\SDS\.m2\repository\org\apache\nifi\nifi-xml-processing\1.28.1\nifi-xml-processing-1.28.1.jar;C:\Users\SDS\.m2\repository\org\apache\httpcomponents\client5\httpclient5\5.0-beta4\httpclient5-5.0-beta4.jar;C:\Users\SDS\.m2\repository\org\apache\httpcomponents\core5\httpcore5\5.0-beta7\httpcore5-5.0-beta7.jar;C:\Users\SDS\.m2\repository\org\apache\httpcomponents\core5\httpcore5-h2\5.0-beta7\httpcore5-h2-5.0-beta7.jar;C:\Users\SDS\.m2\repository\org\apache\httpcomponents\httpasyncclient\4.1.5\httpasyncclient-4.1.5.jar;C:\Users\SDS\.m2\repository\org\apache\httpcomponents\httpcore\4.4.15\httpcore-4.4.15.jar;C:\Users\SDS\.m2\repository\org\apache\httpcomponents\httpcore-nio\4.4.15\httpcore-nio-4.4.15.jar;C:\Users\SDS\.m2\repository\org\apache\httpcomponents\httpclient\4.5.13\httpclient-4.5.13.jar;C:\Users\SDS\.m2\repository\javax\validation\validation-api\2.0.1.Final\validation-api-2.0.1.Final.jar;C:\Users\SDS\.m2\repository\org\apache\commons\commons-lang3\3.17.0\commons-lang3-3.17.0.jar;C:\Users\SDS\.m2\repository\org\apache\nifi\nifi-framework-authorization\1.28.1\nifi-framework-authorization-1.28.1.jar;C:\Users\SDS\.m2\repository\org\apache\nifi\nifi-expression-language\1.28.1\nifi-expression-language-1.28.1.jar;C:\Users\SDS\.m2\repository\org\antlr\antlr-runtime\3.5.3\antlr-runtime-3.5.3.jar;C:\Users\SDS\.m2\repository\org\apache\nifi\nifi-uuid5\1.28.1\nifi-uuid5-1.28.1.jar;C:\Users\SDS\.m2\repository\com\jayway\jsonpath\json-path\2.9.0\json-path-2.9.0.jar;C:\Users\SDS\.m2\repository\net\minidev\json-smart\2.5.0\json-smart-2.5.0.jar;C:\Users\SDS\.m2\repository\net\minidev\accessors-smart\2.5.0\accessors-smart-2.5.0.jar;C:\Users\SDS\.m2\repository\org\ow2\asm\asm\9.3\asm-9.3.jar;C:\Users\SDS\.m2\repository\org\slf4j\slf4j-api\2.0.11\slf4j-api-2.0.11.jar;C:\Users\SDS\.m2\repository\com\fasterxml\jackson\core\jackson-databind\2.18.1\jackson-databind-2.18.1.jar;C:\Users\SDS\.m2\repository\com\fasterxml\jackson\core\jackson-annotations\2.18.1\jackson-annotations-2.18.1.jar;C:\Users\SDS\.m2\repository\com\fasterxml\jackson\core\jackson-core\2.18.1\jackson-core-2.18.1.jar;C:\Users\SDS\.m2\repository\org\apache\commons\commons-text\1.12.0\commons-text-1.12.0.jar;C:\Users\SDS\.m2\repository\commons-codec\commons-codec\1.17.1\commons-codec-1.17.1.jar;C:\Users\SDS\.m2\repository\org\apache\nifi\nifi-data-provenance-utils\1.28.1\nifi-data-provenance-utils-1.28.1.jar;C:\Users\SDS\.m2\repository\org\junit\jupiter\junit-jupiter-api\5.8.2\junit-jupiter-api-5.8.2.jar;C:\Users\SDS\.m2\repository\org\opentest4j\opentest4j\1.2.0\opentest4j-1.2.0.jar;C:\Users\SDS\.m2\repository\org\junit\platform\junit-platform-commons\1.8.2\junit-platform-commons-1.8.2.jar;C:\Users\SDS\.m2\repository\org\apiguardian\apiguardian-api\1.1.2\apiguardian-api-1.1.2.jar;C:\Users\SDS\.m2\repository\org\junit\jupiter\junit-jupiter-engine\5.8.2\junit-jupiter-engine-5.8.2.jar;C:\Users\SDS\.m2\repository\org\junit\platform\junit-platform-engine\1.8.2\junit-platform-engine-1.8.2.jar;"/>
    <property name="java.vm.vendor" value="Oracle Corporation"/>
    <property name="sun.arch.data.model" value="64"/>
    <property name="user.variant" value=""/>
    <property name="java.vendor.url" value="https://java.oracle.com/"/>
    <property name="user.timezone" value="Asia/Seoul"/>
    <property name="os.name" value="Windows 10"/>
    <property name="java.vm.specification.version" value="17"/>
    <property name="sun.java.launcher" value="SUN_STANDARD"/>
    <property name="user.country" value="KR"/>
    <property name="sun.boot.library.path" value="C:\jdk-17\bin"/>
    <property name="sun.java.command" value="C:\Users\SDS\AppData\Local\Temp\surefire8351264759355614417\surefirebooter-20250731203604928_3.jar C:\Users\SDS\AppData\Local\Temp\surefire8351264759355614417 2025-07-31T20-36-04_607-jvmRun1 surefire-20250731203604928_1tmp surefire_0-20250731203604928_2tmp"/>
    <property name="jdk.debug" value="release"/>
    <property name="surefire.test.class.path" value="D:\workspace_java\NifiFetchFtp\flexible-fetch-ftp\target\test-classes;D:\workspace_java\NifiFetchFtp\flexible-fetch-ftp\target\classes;C:\Users\SDS\.m2\repository\org\apache\nifi\nifi-api\1.28.1\nifi-api-1.28.1.jar;C:\Users\SDS\.m2\repository\org\apache\nifi\nifi-utils\1.28.1\nifi-utils-1.28.1.jar;C:\Users\SDS\.m2\repository\org\apache\nifi\nifi-property-utils\1.28.1\nifi-property-utils-1.28.1.jar;C:\Users\SDS\.m2\repository\jakarta\xml\bind\jakarta.xml.bind-api\2.3.3\jakarta.xml.bind-api-2.3.3.jar;C:\Users\SDS\.m2\repository\jakarta\activation\jakarta.activation-api\1.2.2\jakarta.activation-api-1.2.2.jar;C:\Users\SDS\.m2\repository\org\glassfish\jaxb\jaxb-runtime\2.3.9\jaxb-runtime-2.3.9.jar;C:\Users\SDS\.m2\repository\org\glassfish\jaxb\txw2\2.3.9\txw2-2.3.9.jar;C:\Users\SDS\.m2\repository\com\sun\istack\istack-commons-runtime\3.0.12\istack-commons-runtime-3.0.12.jar;C:\Users\SDS\.m2\repository\com\sun\activation\jakarta.activation\1.2.2\jakarta.activation-1.2.2.jar;C:\Users\SDS\.m2\repository\commons-net\commons-net\3.9.0\commons-net-3.9.0.jar;C:\Users\SDS\.m2\repository\org\apache\nifi\nifi-mock\1.28.1\nifi-mock-1.28.1.jar;C:\Users\SDS\.m2\repository\org\apache\nifi\nifi-framework-api\1.28.1\nifi-framework-api-1.28.1.jar;C:\Users\SDS\.m2\repository\org\apache\nifi\nifi-parameter\1.28.1\nifi-parameter-1.28.1.jar;C:\Users\SDS\.m2\repository\org\apache\nifi\nifi-framework-core-api\1.28.1\nifi-framework-core-api-1.28.1.jar;C:\Users\SDS\.m2\repository\org\apache\nifi\nifi-framework-nar-utils\1.28.1\nifi-framework-nar-utils-1.28.1.jar;C:\Users\SDS\.m2\repository\org\apache\nifi\nifi-runtime-manifest-core\1.28.1\nifi-runtime-manifest-core-1.28.1.jar;C:\Users\SDS\.m2\repository\org\apache\nifi\nifi-extension-manifest-model\1.28.1\nifi-extension-manifest-model-1.28.1.jar;C:\Users\SDS\.m2\repository\org\apache\nifi\nifi-extension-manifest-parser\1.28.1\nifi-extension-manifest-parser-1.28.1.jar;C:\Users\SDS\.m2\repository\org\apache\nifi\nifi-client-dto\1.28.1\nifi-client-dto-1.28.1.jar;C:\Users\SDS\.m2\repository\io\swagger\swagger-annotations\1.6.14\swagger-annotations-1.6.14.jar;C:\Users\SDS\.m2\repository\org\apache\nifi\c2-protocol-component-api\1.28.1\c2-protocol-component-api-1.28.1.jar;C:\Users\SDS\.m2\repository\org\apache\nifi\nifi-site-to-site-client\1.28.1\nifi-site-to-site-client-1.28.1.jar;C:\Users\SDS\.m2\repository\org\apache\nifi\nifi-security-ssl\1.28.1\nifi-security-ssl-1.28.1.jar;C:\Users\SDS\.m2\repository\org\apache\nifi\nifi-xml-processing\1.28.1\nifi-xml-processing-1.28.1.jar;C:\Users\SDS\.m2\repository\org\apache\httpcomponents\client5\httpclient5\5.0-beta4\httpclient5-5.0-beta4.jar;C:\Users\SDS\.m2\repository\org\apache\httpcomponents\core5\httpcore5\5.0-beta7\httpcore5-5.0-beta7.jar;C:\Users\SDS\.m2\repository\org\apache\httpcomponents\core5\httpcore5-h2\5.0-beta7\httpcore5-h2-5.0-beta7.jar;C:\Users\SDS\.m2\repository\org\apache\httpcomponents\httpasyncclient\4.1.5\httpasyncclient-4.1.5.jar;C:\Users\SDS\.m2\repository\org\apache\httpcomponents\httpcore\4.4.15\httpcore-4.4.15.jar;C:\Users\SDS\.m2\repository\org\apache\httpcomponents\httpcore-nio\4.4.15\httpcore-nio-4.4.15.jar;C:\Users\SDS\.m2\repository\org\apache\httpcomponents\httpclient\4.5.13\httpclient-4.5.13.jar;C:\Users\SDS\.m2\repository\javax\validation\validation-api\2.0.1.Final\validation-api-2.0.1.Final.jar;C:\Users\SDS\.m2\repository\org\apache\commons\commons-lang3\3.17.0\commons-lang3-3.17.0.jar;C:\Users\SDS\.m2\repository\org\apache\nifi\nifi-framework-authorization\1.28.1\nifi-framework-authorization-1.28.1.jar;C:\Users\SDS\.m2\repository\org\apache\nifi\nifi-expression-language\1.28.1\nifi-expression-language-1.28.1.jar;C:\Users\SDS\.m2\repository\org\antlr\antlr-runtime\3.5.3\antlr-runtime-3.5.3.jar;C:\Users\SDS\.m2\repository\org\apache\nifi\nifi-uuid5\1.28.1\nifi-uuid5-1.28.1.jar;C:\Users\SDS\.m2\repository\com\jayway\jsonpath\json-path\2.9.0\json-path-2.9.0.jar;C:\Users\SDS\.m2\repository\net\minidev\json-smart\2.5.0\json-smart-2.5.0.jar;C:\Users\SDS\.m2\repository\net\minidev\accessors-smart\2.5.0\accessors-smart-2.5.0.jar;C:\Users\SDS\.m2\repository\org\ow2\asm\asm\9.3\asm-9.3.jar;C:\Users\SDS\.m2\repository\org\slf4j\slf4j-api\2.0.11\slf4j-api-2.0.11.jar;C:\Users\SDS\.m2\repository\com\fasterxml\jackson\core\jackson-databind\2.18.1\jackson-databind-2.18.1.jar;C:\Users\SDS\.m2\repository\com\fasterxml\jackson\core\jackson-annotations\2.18.1\jackson-annotations-2.18.1.jar;C:\Users\SDS\.m2\repository\com\fasterxml\jackson\core\jackson-core\2.18.1\jackson-core-2.18.1.jar;C:\Users\SDS\.m2\repository\org\apache\commons\commons-text\1.12.0\commons-text-1.12.0.jar;C:\Users\SDS\.m2\repository\commons-codec\commons-codec\1.17.1\commons-codec-1.17.1.jar;C:\Users\SDS\.m2\repository\org\apache\nifi\nifi-data-provenance-utils\1.28.1\nifi-data-provenance-utils-1.28.1.jar;C:\Users\SDS\.m2\repository\org\junit\jupiter\junit-jupiter-api\5.8.2\junit-jupiter-api-5.8.2.jar;C:\Users\SDS\.m2\repository\org\opentest4j\opentest4j\1.2.0\opentest4j-1.2.0.jar;C:\Users\SDS\.m2\repository\org\junit\platform\junit-platform-commons\1.8.2\junit-platform-commons-1.8.2.jar;C:\Users\SDS\.m2\repository\org\apiguardian\apiguardian-api\1.1.2\apiguardian-api-1.1.2.jar;C:\Users\SDS\.m2\repository\org\junit\jupiter\junit-jupiter-engine\5.8.2\junit-jupiter-engine-5.8.2.jar;C:\Users\SDS\.m2\repository\org\junit\platform\junit-platform-engine\1.8.2\junit-platform-engine-1.8.2.jar;"/>
    <property name="sun.cpu.endian" value="little"/>
    <property name="user.home" value="C:\Users\SDS"/>
    <property name="user.language" value="ko"/>
    <property name="java.specification.vendor" value="Oracle Corporation"/>
    <property name="java.version.date" value="2021-09-14"/>
    <property name="java.home" value="C:\jdk-17"/>
    <property name="file.separator" value="\"/>
    <property name="basedir" value="D:\workspace_java\NifiFetchFtp\flexible-fetch-ftp"/>
    <property name="java.vm.compressedOopsMode" value="Zero based"/>
    <property name="line.separator" value="&#10;"/>
    <property name="java.vm.specification.vendor" value="Oracle Corporation"/>
    <property name="java.specification.name" value="Java Platform API Specification"/>
    <property name="surefire.real.class.path" value="C:\Users\SDS\AppData\Local\Temp\surefire8351264759355614417\surefirebooter-20250731203604928_3.jar"/>
    <property name="user.script" value=""/>
    <property name="sun.management.compiler" value="HotSpot 64-Bit Tiered Compilers"/>
    <property name="java.runtime.version" value="17+35-2724"/>
    <property name="user.name" value="SDS"/>
    <property name="path.separator" value=";"/>
    <property name="os.version" value="10.0"/>
    <property name="java.runtime.name" value="OpenJDK Runtime Environment"/>
    <property name="file.encoding" value="MS949"/>
    <property name="java.vm.name" value="OpenJDK 64-Bit Server VM"/>
    <property name="localRepository" value="C:\Users\SDS\.m2\repository"/>
    <property name="java.vendor.url.bug" value="https://bugreport.java.com/bugreport/"/>
    <property name="java.io.tmpdir" value="C:\Users\SDS\AppData\Local\Temp\"/>
    <property name="java.version" value="17"/>
    <property name="user.dir" value="D:\workspace_java\NifiFetchFtp\flexible-fetch-ftp"/>
    <property name="os.arch" value="amd64"/>
    <property name="java.vm.specification.name" value="Java Virtual Machine Specification"/>
    <property name="sun.os.patch.level" value=""/>
    <property name="native.encoding" value="MS949"/>
    <property name="java.library.path" value="C:\jdk-17\bin;C:\WINDOWS\Sun\Java\bin;C:\WINDOWS\system32;C:\WINDOWS;c:\Users\SDS\AppData\Local\Programs\cursor\resources\app\bin;C:\Users\SDS\AppData\Local\Programs\Python\Python310;C:\Windows\system32;C:\Windows;C:\Windows\System32\Wbem;C:\Windows\System32\WindowsPowerShell\v1.0\;C:\Windows\System32\OpenSSH\;C:\Program Files\NVIDIA Corporation\NVIDIA NvDLISR;C:\Program Files (x86)\NVIDIA Corporation\PhysX\Common;C:\WINDOWS\system32;C:\WINDOWS;C:\WINDOWS\System32\Wbem;C:\WINDOWS\System32\WindowsPowerShell\v1.0\;C:\WINDOWS\System32\OpenSSH\;C:\Program Files\Bandizip\;C:\jdk-17\bin;C:\Program Files\Git\cmd;C:\ProgramData\chocolatey\bin;C:\Users\SDS\AppData\Roaming\nvm;C:\Program Files\nodejs;C:\Program Files\apache-maven-3.9.9\bin;C:\Users\SDS\AppData\Local\Programs\Python\Python310\;C:\Users\SDS\AppData\Local\Programs\Python\Launcher\;C:\Users\SDS\AppData\Local\Microsoft\WindowsApps;C:\Users\SDS\AppData\Roaming\npm;c:\Users\SDS\AppData\Local\Programs\cursor\resources;C:\WINDOWS\system32;C:\WINDOWS;C:\WINDOWS\System32\Wbem;C:\WINDOWS\System32\WindowsPowerShell\v1.0\;C:\WINDOWS\System32\OpenSSH\;C:\Program Files (x86)\PuTTY\;C:\nodejs\;C:\Users\SDS\AppData\Local\Programs\Python\Python310\Scripts;C:\Users\SDS\AppData\Local\Programs\Python\Launcher\;C:\Users\SDS\AppData\Local\Programs\Python\Python310\;C:\Users\SDS\AppData\Local\Microsoft\WindowsApps;C:\Users\SDS\AppData\Local\Programs\Microsoft VS Code\bin;C:\jdk-17\bin;C:\Users\SDS\AppData\Roaming\nvm;C:\Program Files\nodejs;C:\Program Files\apache-maven-3.9.9\bin;C:\Users\SDS\AppData\Local\Programs\cursor\resources\app\bin;C:\Users\SDS\AppData\Roaming\npm;C:\Users\SDS\AppData\Local\Programs\Windsurf\bin;."/>
    <property name="java.vm.info" value="mixed mode, sharing"/>
    <property name="java.vendor" value="Oracle Corporation"/>
    <property name="java.vm.version" value="17+35-2724"/>
    <property name="sun.io.unicode.encoding" value="UnicodeLittle"/>
    <property name="java.class.version" value="61.0"/>
  </properties>
  <testcase name="testSuccessfulFetch" classname="com.kummyong.nifi.ftp.FlexibleFetchFTPTest" time="0.143">
    <system-err><![CDATA[SLF4J(W): No SLF4J providers were found.
SLF4J(W): Defaulting to no-operation (NOP) logger implementation
SLF4J(W): See https://www.slf4j.org/codes.html#noProviders for further details.
]]></system-err>
  </testcase>
  <testcase name="testMissingFile" classname="com.kummyong.nifi.ftp.FlexibleFetchFTPTest" time="0.006"/>
</testsuite>