<?xml version="1.0" encoding="UTF-8"?>
<testsuite xmlns:xsi="http://www.w3.org/2001/XMLSchema-instance" xsi:noNamespaceSchemaLocation="https://maven.apache.org/surefire/maven-surefire-plugin/xsd/surefire-test-report-3.0.xsd" version="3.0" name="com.kummyong.nifi.ftp.FlexibleFetchFTPTest" time="0.249" tests="2" errors="0" skipped="0" failures="0">
  <properties>
    <property name="java.specification.version" value="17"/>
    <property name="sun.cpu.isalist" value="amd64"/>
    <property name="sun.jnu.encoding" value="MS949"/>
    <property name="java.class.path" value="D:\workspace_java\NifiFetchFtp\flexible-fetch-ftp\target\test-classes;D:\workspace_java\NifiFetchFtp\flexible-fetch-ftp\target\classes;C:\Users\SDS\.m2\repository\org\apache\nifi\nifi-api\1.15.1\nifi-api-1.15.1.jar;C:\Users\SDS\.m2\repository\org\apache\nifi\nifi-utils\1.15.1\nifi-utils-1.15.1.jar;C:\Users\SDS\.m2\repository\jakarta\xml\bind\jakarta.xml.bind-api\2.3.3\jakarta.xml.bind-api-2.3.3.jar;C:\Users\SDS\.m2\repository\jakarta\activation\jakarta.activation-api\1.2.2\jakarta.activation-api-1.2.2.jar;C:\Users\SDS\.m2\repository\org\glassfish\jaxb\jaxb-runtime\2.3.5\jaxb-runtime-2.3.5.jar;C:\Users\SDS\.m2\repository\org\glassfish\jaxb\txw2\2.3.5\txw2-2.3.5.jar;C:\Users\SDS\.m2\repository\com\sun\istack\istack-commons-runtime\3.0.12\istack-commons-runtime-3.0.12.jar;C:\Users\SDS\.m2\repository\com\sun\activation\jakarta.activation\1.2.2\jakarta.activation-1.2.2.jar;C:\Users\SDS\.m2\repository\org\apache\nifi\nifi-processor-utils\1.15.1\nifi-processor-utils-1.15.1.jar;C:\Users\SDS\.m2\repository\org\apache\nifi\nifi-security-socket-ssl\1.15.1\nifi-security-socket-ssl-1.15.1.jar;C:\Users\SDS\.m2\repository\commons-io\commons-io\2.10.0\commons-io-2.10.0.jar;C:\Users\SDS\.m2\repository\org\apache\commons\commons-lang3\3.11\commons-lang3-3.11.jar;C:\Users\SDS\.m2\repository\com\fasterxml\jackson\core\jackson-databind\2.12.5\jackson-databind-2.12.5.jar;C:\Users\SDS\.m2\repository\com\fasterxml\jackson\core\jackson-annotations\2.12.5\jackson-annotations-2.12.5.jar;C:\Users\SDS\.m2\repository\com\fasterxml\jackson\core\jackson-core\2.12.5\jackson-core-2.12.5.jar;C:\Users\SDS\.m2\repository\org\apache\nifi\nifi-record-serialization-service-api\1.15.1\nifi-record-serialization-service-api-1.15.1.jar;C:\Users\SDS\.m2\repository\org\apache\nifi\nifi-record\1.15.1\nifi-record-1.15.1.jar;C:\Users\SDS\.m2\repository\org\apache\nifi\nifi-event-transport\1.15.1\nifi-event-transport-1.15.1.jar;C:\Users\SDS\.m2\repository\io\netty\netty-handler\4.1.69.Final\netty-handler-4.1.69.Final.jar;C:\Users\SDS\.m2\repository\io\netty\netty-common\4.1.69.Final\netty-common-4.1.69.Final.jar;C:\Users\SDS\.m2\repository\io\netty\netty-resolver\4.1.69.Final\netty-resolver-4.1.69.Final.jar;C:\Users\SDS\.m2\repository\io\netty\netty-buffer\4.1.69.Final\netty-buffer-4.1.69.Final.jar;C:\Users\SDS\.m2\repository\io\netty\netty-transport\4.1.69.Final\netty-transport-4.1.69.Final.jar;C:\Users\SDS\.m2\repository\io\netty\netty-codec\4.1.69.Final\netty-codec-4.1.69.Final.jar;C:\Users\SDS\.m2\repository\commons-net\commons-net\3.9.0\commons-net-3.9.0.jar;C:\Users\SDS\.m2\repository\org\apache\nifi\nifi-mock\1.15.1\nifi-mock-1.15.1.jar;C:\Users\SDS\.m2\repository\org\apache\nifi\nifi-framework-api\1.15.1\nifi-framework-api-1.15.1.jar;C:\Users\SDS\.m2\repository\org\apache\nifi\nifi-parameter\1.15.1\nifi-parameter-1.15.1.jar;C:\Users\SDS\.m2\repository\org\apache\nifi\nifi-framework-core-api\1.15.1\nifi-framework-core-api-1.15.1.jar;C:\Users\SDS\.m2\repository\org\apache\nifi\nifi-framework-nar-utils\1.15.1\nifi-framework-nar-utils-1.15.1.jar;C:\Users\SDS\.m2\repository\org\apache\nifi\nifi-client-dto\1.15.1\nifi-client-dto-1.15.1.jar;C:\Users\SDS\.m2\repository\io\swagger\swagger-annotations\1.6.0\swagger-annotations-1.6.0.jar;C:\Users\SDS\.m2\repository\org\apache\nifi\nifi-site-to-site-client\1.15.1\nifi-site-to-site-client-1.15.1.jar;C:\Users\SDS\.m2\repository\org\apache\nifi\nifi-security-utils\1.15.1\nifi-security-utils-1.15.1.jar;C:\Users\SDS\.m2\repository\org\apache\nifi\nifi-security-utils-api\1.15.1\nifi-security-utils-api-1.15.1.jar;C:\Users\SDS\.m2\repository\org\apache\nifi\nifi-security-kms\1.15.1\nifi-security-kms-1.15.1.jar;C:\Users\SDS\.m2\repository\org\bouncycastle\bcprov-jdk15on\1.69\bcprov-jdk15on-1.69.jar;C:\Users\SDS\.m2\repository\org\bouncycastle\bcpkix-jdk15on\1.69\bcpkix-jdk15on-1.69.jar;C:\Users\SDS\.m2\repository\org\bouncycastle\bcutil-jdk15on\1.69\bcutil-jdk15on-1.69.jar;C:\Users\SDS\.m2\repository\org\apache\nifi\nifi-properties\1.15.1\nifi-properties-1.15.1.jar;C:\Users\SDS\.m2\repository\org\apache\nifi\nifi-property-utils\1.15.1\nifi-property-utils-1.15.1.jar;C:\Users\SDS\.m2\repository\at\favre\lib\bcrypt\0.9.0\bcrypt-0.9.0.jar;C:\Users\SDS\.m2\repository\at\favre\lib\bytes\1.3.0\bytes-1.3.0.jar;C:\Users\SDS\.m2\repository\org\apache\commons\commons-configuration2\2.7\commons-configuration2-2.7.jar;C:\Users\SDS\.m2\repository\com\sun\activation\javax.activation\1.2.0\javax.activation-1.2.0.jar;C:\Users\SDS\.m2\repository\org\apache\httpcomponents\client5\httpclient5\5.0-beta4\httpclient5-5.0-beta4.jar;C:\Users\SDS\.m2\repository\org\apache\httpcomponents\core5\httpcore5\5.0-beta7\httpcore5-5.0-beta7.jar;C:\Users\SDS\.m2\repository\org\apache\httpcomponents\core5\httpcore5-h2\5.0-beta7\httpcore5-h2-5.0-beta7.jar;C:\Users\SDS\.m2\repository\org\apache\httpcomponents\httpasyncclient\4.1.4\httpasyncclient-4.1.4.jar;C:\Users\SDS\.m2\repository\org\apache\httpcomponents\httpcore\4.4.10\httpcore-4.4.10.jar;C:\Users\SDS\.m2\repository\org\apache\httpcomponents\httpcore-nio\4.4.10\httpcore-nio-4.4.10.jar;C:\Users\SDS\.m2\repository\org\apache\httpcomponents\httpclient\4.5.6\httpclient-4.5.6.jar;C:\Users\SDS\.m2\repository\org\apache\nifi\nifi-framework-authorization\1.15.1\nifi-framework-authorization-1.15.1.jar;C:\Users\SDS\.m2\repository\org\apache\nifi\registry\nifi-registry-data-model\1.15.1\nifi-registry-data-model-1.15.1.jar;C:\Users\SDS\.m2\repository\javax\validation\validation-api\2.0.1.Final\validation-api-2.0.1.Final.jar;C:\Users\SDS\.m2\repository\javax\ws\rs\javax.ws.rs-api\2.1\javax.ws.rs-api-2.1.jar;C:\Users\SDS\.m2\repository\org\apache\nifi\registry\nifi-registry-revision-entity-model\1.15.1\nifi-registry-revision-entity-model-1.15.1.jar;C:\Users\SDS\.m2\repository\org\apache\nifi\registry\nifi-registry-client\1.15.1\nifi-registry-client-1.15.1.jar;C:\Users\SDS\.m2\repository\org\apache\nifi\registry\nifi-registry-security-utils\1.15.1\nifi-registry-security-utils-1.15.1.jar;C:\Users\SDS\.m2\repository\org\glassfish\jersey\core\jersey-client\2.33\jersey-client-2.33.jar;C:\Users\SDS\.m2\repository\jakarta\ws\rs\jakarta.ws.rs-api\2.1.6\jakarta.ws.rs-api-2.1.6.jar;C:\Users\SDS\.m2\repository\org\glassfish\hk2\external\jakarta.inject\2.6.1\jakarta.inject-2.6.1.jar;C:\Users\SDS\.m2\repository\org\glassfish\jersey\media\jersey-media-json-jackson\2.33\jersey-media-json-jackson-2.33.jar;C:\Users\SDS\.m2\repository\org\glassfish\jersey\ext\jersey-entity-filtering\2.33\jersey-entity-filtering-2.33.jar;C:\Users\SDS\.m2\repository\com\fasterxml\jackson\module\jackson-module-jaxb-annotations\2.11.3\jackson-module-jaxb-annotations-2.11.3.jar;C:\Users\SDS\.m2\repository\org\glassfish\jersey\inject\jersey-hk2\2.33\jersey-hk2-2.33.jar;C:\Users\SDS\.m2\repository\org\glassfish\hk2\hk2-locator\2.6.1\hk2-locator-2.6.1.jar;C:\Users\SDS\.m2\repository\org\glassfish\hk2\external\aopalliance-repackaged\2.6.1\aopalliance-repackaged-2.6.1.jar;C:\Users\SDS\.m2\repository\org\glassfish\hk2\hk2-api\2.6.1\hk2-api-2.6.1.jar;C:\Users\SDS\.m2\repository\org\glassfish\hk2\hk2-utils\2.6.1\hk2-utils-2.6.1.jar;C:\Users\SDS\.m2\repository\org\javassist\javassist\3.25.0-GA\javassist-3.25.0-GA.jar;C:\Users\SDS\.m2\repository\org\glassfish\jersey\core\jersey-common\2.33\jersey-common-2.33.jar;C:\Users\SDS\.m2\repository\jakarta\annotation\jakarta.annotation-api\1.3.5\jakarta.annotation-api-1.3.5.jar;C:\Users\SDS\.m2\repository\org\glassfish\hk2\osgi-resource-locator\1.0.3\osgi-resource-locator-1.0.3.jar;C:\Users\SDS\.m2\repository\org\glassfish\jersey\media\jersey-media-multipart\2.33\jersey-media-multipart-2.33.jar;C:\Users\SDS\.m2\repository\org\jvnet\mimepull\mimepull\1.9.13\mimepull-1.9.13.jar;C:\Users\SDS\.m2\repository\org\apache\nifi\nifi-expression-language\1.15.1\nifi-expression-language-1.15.1.jar;C:\Users\SDS\.m2\repository\org\antlr\antlr-runtime\3.5.2\antlr-runtime-3.5.2.jar;C:\Users\SDS\.m2\repository\org\apache\nifi\nifi-uuid5\1.15.1\nifi-uuid5-1.15.1.jar;C:\Users\SDS\.m2\repository\com\jayway\jsonpath\json-path\2.6.0\json-path-2.6.0.jar;C:\Users\SDS\.m2\repository\net\minidev\json-smart\2.4.7\json-smart-2.4.7.jar;C:\Users\SDS\.m2\repository\net\minidev\accessors-smart\2.4.7\accessors-smart-2.4.7.jar;C:\Users\SDS\.m2\repository\org\ow2\asm\asm\9.1\asm-9.1.jar;C:\Users\SDS\.m2\repository\org\slf4j\slf4j-api\1.7.30\slf4j-api-1.7.30.jar;C:\Users\SDS\.m2\repository\org\apache\commons\commons-text\1.8\commons-text-1.8.jar;C:\Users\SDS\.m2\repository\commons-codec\commons-codec\1.14\commons-codec-1.14.jar;C:\Users\SDS\.m2\repository\org\apache\nifi\nifi-data-provenance-utils\1.15.1\nifi-data-provenance-utils-1.15.1.jar;C:\Users\SDS\.m2\repository\org\junit\jupiter\junit-jupiter-api\5.8.2\junit-jupiter-api-5.8.2.jar;C:\Users\SDS\.m2\repository\org\opentest4j\opentest4j\1.2.0\opentest4j-1.2.0.jar;C:\Users\SDS\.m2\repository\org\junit\platform\junit-platform-commons\1.8.2\junit-platform-commons-1.8.2.jar;C:\Users\SDS\.m2\repository\org\apiguardian\apiguardian-api\1.1.2\apiguardian-api-1.1.2.jar;C:\Users\SDS\.m2\repository\org\junit\jupiter\junit-jupiter-engine\5.8.2\junit-jupiter-engine-5.8.2.jar;C:\Users\SDS\.m2\repository\org\junit\platform\junit-platform-engine\1.8.2\junit-platform-engine-1.8.2.jar;"/>
    <property name="java.vm.vendor" value="Oracle Corporation"/>
    <property name="sun.arch.data.model" value="64"/>
    <property name="user.variant" value=""/>
    <property name="java.vendor.url" value="https://java.oracle.com/"/>
    <property name="user.timezone" value="Asia/Seoul"/>
    <property name="os.name" value="Windows 10"/>
    <property name="java.vm.specification.version" value="17"/>
    <property name="user.country" value="KR"/>
    <property name="sun.java.launcher" value="SUN_STANDARD"/>
    <property name="sun.boot.library.path" value="C:\jdk-17\bin"/>
    <property name="sun.java.command" value="C:\Users\SDS\AppData\Local\Temp\surefire6193957654157097173\surefirebooter-20250729220359531_3.jar C:\Users\SDS\AppData\Local\Temp\surefire6193957654157097173 2025-07-29T22-03-59_116-jvmRun1 surefire-20250729220359531_1tmp surefire_0-20250729220359531_2tmp"/>
    <property name="jdk.debug" value="release"/>
    <property name="test" value="com.kummyong.nifi.ftp.FlexibleFetchFTPTest"/>
    <property name="surefire.test.class.path" value="D:\workspace_java\NifiFetchFtp\flexible-fetch-ftp\target\test-classes;D:\workspace_java\NifiFetchFtp\flexible-fetch-ftp\target\classes;C:\Users\SDS\.m2\repository\org\apache\nifi\nifi-api\1.15.1\nifi-api-1.15.1.jar;C:\Users\SDS\.m2\repository\org\apache\nifi\nifi-utils\1.15.1\nifi-utils-1.15.1.jar;C:\Users\SDS\.m2\repository\jakarta\xml\bind\jakarta.xml.bind-api\2.3.3\jakarta.xml.bind-api-2.3.3.jar;C:\Users\SDS\.m2\repository\jakarta\activation\jakarta.activation-api\1.2.2\jakarta.activation-api-1.2.2.jar;C:\Users\SDS\.m2\repository\org\glassfish\jaxb\jaxb-runtime\2.3.5\jaxb-runtime-2.3.5.jar;C:\Users\SDS\.m2\repository\org\glassfish\jaxb\txw2\2.3.5\txw2-2.3.5.jar;C:\Users\SDS\.m2\repository\com\sun\istack\istack-commons-runtime\3.0.12\istack-commons-runtime-3.0.12.jar;C:\Users\SDS\.m2\repository\com\sun\activation\jakarta.activation\1.2.2\jakarta.activation-1.2.2.jar;C:\Users\SDS\.m2\repository\org\apache\nifi\nifi-processor-utils\1.15.1\nifi-processor-utils-1.15.1.jar;C:\Users\SDS\.m2\repository\org\apache\nifi\nifi-security-socket-ssl\1.15.1\nifi-security-socket-ssl-1.15.1.jar;C:\Users\SDS\.m2\repository\commons-io\commons-io\2.10.0\commons-io-2.10.0.jar;C:\Users\SDS\.m2\repository\org\apache\commons\commons-lang3\3.11\commons-lang3-3.11.jar;C:\Users\SDS\.m2\repository\com\fasterxml\jackson\core\jackson-databind\2.12.5\jackson-databind-2.12.5.jar;C:\Users\SDS\.m2\repository\com\fasterxml\jackson\core\jackson-annotations\2.12.5\jackson-annotations-2.12.5.jar;C:\Users\SDS\.m2\repository\com\fasterxml\jackson\core\jackson-core\2.12.5\jackson-core-2.12.5.jar;C:\Users\SDS\.m2\repository\org\apache\nifi\nifi-record-serialization-service-api\1.15.1\nifi-record-serialization-service-api-1.15.1.jar;C:\Users\SDS\.m2\repository\org\apache\nifi\nifi-record\1.15.1\nifi-record-1.15.1.jar;C:\Users\SDS\.m2\repository\org\apache\nifi\nifi-event-transport\1.15.1\nifi-event-transport-1.15.1.jar;C:\Users\SDS\.m2\repository\io\netty\netty-handler\4.1.69.Final\netty-handler-4.1.69.Final.jar;C:\Users\SDS\.m2\repository\io\netty\netty-common\4.1.69.Final\netty-common-4.1.69.Final.jar;C:\Users\SDS\.m2\repository\io\netty\netty-resolver\4.1.69.Final\netty-resolver-4.1.69.Final.jar;C:\Users\SDS\.m2\repository\io\netty\netty-buffer\4.1.69.Final\netty-buffer-4.1.69.Final.jar;C:\Users\SDS\.m2\repository\io\netty\netty-transport\4.1.69.Final\netty-transport-4.1.69.Final.jar;C:\Users\SDS\.m2\repository\io\netty\netty-codec\4.1.69.Final\netty-codec-4.1.69.Final.jar;C:\Users\SDS\.m2\repository\commons-net\commons-net\3.9.0\commons-net-3.9.0.jar;C:\Users\SDS\.m2\repository\org\apache\nifi\nifi-mock\1.15.1\nifi-mock-1.15.1.jar;C:\Users\SDS\.m2\repository\org\apache\nifi\nifi-framework-api\1.15.1\nifi-framework-api-1.15.1.jar;C:\Users\SDS\.m2\repository\org\apache\nifi\nifi-parameter\1.15.1\nifi-parameter-1.15.1.jar;C:\Users\SDS\.m2\repository\org\apache\nifi\nifi-framework-core-api\1.15.1\nifi-framework-core-api-1.15.1.jar;C:\Users\SDS\.m2\repository\org\apache\nifi\nifi-framework-nar-utils\1.15.1\nifi-framework-nar-utils-1.15.1.jar;C:\Users\SDS\.m2\repository\org\apache\nifi\nifi-client-dto\1.15.1\nifi-client-dto-1.15.1.jar;C:\Users\SDS\.m2\repository\io\swagger\swagger-annotations\1.6.0\swagger-annotations-1.6.0.jar;C:\Users\SDS\.m2\repository\org\apache\nifi\nifi-site-to-site-client\1.15.1\nifi-site-to-site-client-1.15.1.jar;C:\Users\SDS\.m2\repository\org\apache\nifi\nifi-security-utils\1.15.1\nifi-security-utils-1.15.1.jar;C:\Users\SDS\.m2\repository\org\apache\nifi\nifi-security-utils-api\1.15.1\nifi-security-utils-api-1.15.1.jar;C:\Users\SDS\.m2\repository\org\apache\nifi\nifi-security-kms\1.15.1\nifi-security-kms-1.15.1.jar;C:\Users\SDS\.m2\repository\org\bouncycastle\bcprov-jdk15on\1.69\bcprov-jdk15on-1.69.jar;C:\Users\SDS\.m2\repository\org\bouncycastle\bcpkix-jdk15on\1.69\bcpkix-jdk15on-1.69.jar;C:\Users\SDS\.m2\repository\org\bouncycastle\bcutil-jdk15on\1.69\bcutil-jdk15on-1.69.jar;C:\Users\SDS\.m2\repository\org\apache\nifi\nifi-properties\1.15.1\nifi-properties-1.15.1.jar;C:\Users\SDS\.m2\repository\org\apache\nifi\nifi-property-utils\1.15.1\nifi-property-utils-1.15.1.jar;C:\Users\SDS\.m2\repository\at\favre\lib\bcrypt\0.9.0\bcrypt-0.9.0.jar;C:\Users\SDS\.m2\repository\at\favre\lib\bytes\1.3.0\bytes-1.3.0.jar;C:\Users\SDS\.m2\repository\org\apache\commons\commons-configuration2\2.7\commons-configuration2-2.7.jar;C:\Users\SDS\.m2\repository\com\sun\activation\javax.activation\1.2.0\javax.activation-1.2.0.jar;C:\Users\SDS\.m2\repository\org\apache\httpcomponents\client5\httpclient5\5.0-beta4\httpclient5-5.0-beta4.jar;C:\Users\SDS\.m2\repository\org\apache\httpcomponents\core5\httpcore5\5.0-beta7\httpcore5-5.0-beta7.jar;C:\Users\SDS\.m2\repository\org\apache\httpcomponents\core5\httpcore5-h2\5.0-beta7\httpcore5-h2-5.0-beta7.jar;C:\Users\SDS\.m2\repository\org\apache\httpcomponents\httpasyncclient\4.1.4\httpasyncclient-4.1.4.jar;C:\Users\SDS\.m2\repository\org\apache\httpcomponents\httpcore\4.4.10\httpcore-4.4.10.jar;C:\Users\SDS\.m2\repository\org\apache\httpcomponents\httpcore-nio\4.4.10\httpcore-nio-4.4.10.jar;C:\Users\SDS\.m2\repository\org\apache\httpcomponents\httpclient\4.5.6\httpclient-4.5.6.jar;C:\Users\SDS\.m2\repository\org\apache\nifi\nifi-framework-authorization\1.15.1\nifi-framework-authorization-1.15.1.jar;C:\Users\SDS\.m2\repository\org\apache\nifi\registry\nifi-registry-data-model\1.15.1\nifi-registry-data-model-1.15.1.jar;C:\Users\SDS\.m2\repository\javax\validation\validation-api\2.0.1.Final\validation-api-2.0.1.Final.jar;C:\Users\SDS\.m2\repository\javax\ws\rs\javax.ws.rs-api\2.1\javax.ws.rs-api-2.1.jar;C:\Users\SDS\.m2\repository\org\apache\nifi\registry\nifi-registry-revision-entity-model\1.15.1\nifi-registry-revision-entity-model-1.15.1.jar;C:\Users\SDS\.m2\repository\org\apache\nifi\registry\nifi-registry-client\1.15.1\nifi-registry-client-1.15.1.jar;C:\Users\SDS\.m2\repository\org\apache\nifi\registry\nifi-registry-security-utils\1.15.1\nifi-registry-security-utils-1.15.1.jar;C:\Users\SDS\.m2\repository\org\glassfish\jersey\core\jersey-client\2.33\jersey-client-2.33.jar;C:\Users\SDS\.m2\repository\jakarta\ws\rs\jakarta.ws.rs-api\2.1.6\jakarta.ws.rs-api-2.1.6.jar;C:\Users\SDS\.m2\repository\org\glassfish\hk2\external\jakarta.inject\2.6.1\jakarta.inject-2.6.1.jar;C:\Users\SDS\.m2\repository\org\glassfish\jersey\media\jersey-media-json-jackson\2.33\jersey-media-json-jackson-2.33.jar;C:\Users\SDS\.m2\repository\org\glassfish\jersey\ext\jersey-entity-filtering\2.33\jersey-entity-filtering-2.33.jar;C:\Users\SDS\.m2\repository\com\fasterxml\jackson\module\jackson-module-jaxb-annotations\2.11.3\jackson-module-jaxb-annotations-2.11.3.jar;C:\Users\SDS\.m2\repository\org\glassfish\jersey\inject\jersey-hk2\2.33\jersey-hk2-2.33.jar;C:\Users\SDS\.m2\repository\org\glassfish\hk2\hk2-locator\2.6.1\hk2-locator-2.6.1.jar;C:\Users\SDS\.m2\repository\org\glassfish\hk2\external\aopalliance-repackaged\2.6.1\aopalliance-repackaged-2.6.1.jar;C:\Users\SDS\.m2\repository\org\glassfish\hk2\hk2-api\2.6.1\hk2-api-2.6.1.jar;C:\Users\SDS\.m2\repository\org\glassfish\hk2\hk2-utils\2.6.1\hk2-utils-2.6.1.jar;C:\Users\SDS\.m2\repository\org\javassist\javassist\3.25.0-GA\javassist-3.25.0-GA.jar;C:\Users\SDS\.m2\repository\org\glassfish\jersey\core\jersey-common\2.33\jersey-common-2.33.jar;C:\Users\SDS\.m2\repository\jakarta\annotation\jakarta.annotation-api\1.3.5\jakarta.annotation-api-1.3.5.jar;C:\Users\SDS\.m2\repository\org\glassfish\hk2\osgi-resource-locator\1.0.3\osgi-resource-locator-1.0.3.jar;C:\Users\SDS\.m2\repository\org\glassfish\jersey\media\jersey-media-multipart\2.33\jersey-media-multipart-2.33.jar;C:\Users\SDS\.m2\repository\org\jvnet\mimepull\mimepull\1.9.13\mimepull-1.9.13.jar;C:\Users\SDS\.m2\repository\org\apache\nifi\nifi-expression-language\1.15.1\nifi-expression-language-1.15.1.jar;C:\Users\SDS\.m2\repository\org\antlr\antlr-runtime\3.5.2\antlr-runtime-3.5.2.jar;C:\Users\SDS\.m2\repository\org\apache\nifi\nifi-uuid5\1.15.1\nifi-uuid5-1.15.1.jar;C:\Users\SDS\.m2\repository\com\jayway\jsonpath\json-path\2.6.0\json-path-2.6.0.jar;C:\Users\SDS\.m2\repository\net\minidev\json-smart\2.4.7\json-smart-2.4.7.jar;C:\Users\SDS\.m2\repository\net\minidev\accessors-smart\2.4.7\accessors-smart-2.4.7.jar;C:\Users\SDS\.m2\repository\org\ow2\asm\asm\9.1\asm-9.1.jar;C:\Users\SDS\.m2\repository\org\slf4j\slf4j-api\1.7.30\slf4j-api-1.7.30.jar;C:\Users\SDS\.m2\repository\org\apache\commons\commons-text\1.8\commons-text-1.8.jar;C:\Users\SDS\.m2\repository\commons-codec\commons-codec\1.14\commons-codec-1.14.jar;C:\Users\SDS\.m2\repository\org\apache\nifi\nifi-data-provenance-utils\1.15.1\nifi-data-provenance-utils-1.15.1.jar;C:\Users\SDS\.m2\repository\org\junit\jupiter\junit-jupiter-api\5.8.2\junit-jupiter-api-5.8.2.jar;C:\Users\SDS\.m2\repository\org\opentest4j\opentest4j\1.2.0\opentest4j-1.2.0.jar;C:\Users\SDS\.m2\repository\org\junit\platform\junit-platform-commons\1.8.2\junit-platform-commons-1.8.2.jar;C:\Users\SDS\.m2\repository\org\apiguardian\apiguardian-api\1.1.2\apiguardian-api-1.1.2.jar;C:\Users\SDS\.m2\repository\org\junit\jupiter\junit-jupiter-engine\5.8.2\junit-jupiter-engine-5.8.2.jar;C:\Users\SDS\.m2\repository\org\junit\platform\junit-platform-engine\1.8.2\junit-platform-engine-1.8.2.jar;"/>
    <property name="sun.cpu.endian" value="little"/>
    <property name="user.home" value="C:\Users\SDS"/>
    <property name="user.language" value="ko"/>
    <property name="java.specification.vendor" value="Oracle Corporation"/>
    <property name="java.version.date" value="2021-09-14"/>
    <property name="java.home" value="C:\jdk-17"/>
    <property name="file.separator" value="\"/>
    <property name="basedir" value="D:\workspace_java\NifiFetchFtp\flexible-fetch-ftp"/>
    <property name="java.vm.compressedOopsMode" value="Zero based"/>
    <property name="line.separator" value="&#10;"/>
    <property name="java.vm.specification.vendor" value="Oracle Corporation"/>
    <property name="java.specification.name" value="Java Platform API Specification"/>
    <property name="surefire.real.class.path" value="C:\Users\SDS\AppData\Local\Temp\surefire6193957654157097173\surefirebooter-20250729220359531_3.jar"/>
    <property name="user.script" value=""/>
    <property name="sun.management.compiler" value="HotSpot 64-Bit Tiered Compilers"/>
    <property name="java.runtime.version" value="17+35-2724"/>
    <property name="user.name" value="SDS"/>
    <property name="path.separator" value=";"/>
    <property name="os.version" value="10.0"/>
    <property name="java.runtime.name" value="OpenJDK Runtime Environment"/>
    <property name="file.encoding" value="UTF-8"/>
    <property name="java.vm.name" value="OpenJDK 64-Bit Server VM"/>
    <property name="maven.ext.class.path" value="C:\Users\SDS\.vscode\extensions\oracle.oracle-java-24.0.0\nbcode\java\maven-nblib\netbeans-eventspy.jar"/>
    <property name="localRepository" value="C:\Users\SDS\.m2\repository"/>
    <property name="java.vendor.url.bug" value="https://bugreport.java.com/bugreport/"/>
    <property name="java.io.tmpdir" value="C:\Users\SDS\AppData\Local\Temp\"/>
    <property name="java.version" value="17"/>
    <property name="user.dir" value="D:\workspace_java\NifiFetchFtp\flexible-fetch-ftp"/>
    <property name="os.arch" value="amd64"/>
    <property name="java.vm.specification.name" value="Java Virtual Machine Specification"/>
    <property name="sun.os.patch.level" value=""/>
    <property name="native.encoding" value="MS949"/>
    <property name="java.library.path" value="C:\jdk-17\bin;C:\WINDOWS\Sun\Java\bin;C:\WINDOWS\system32;C:\WINDOWS;c:\Users\SDS\AppData\Local\Programs\cursor\resources\app\bin;C:\Users\SDS\AppData\Local\Programs\Python\Python310;C:\Windows\system32;C:\Windows;C:\Windows\System32\Wbem;C:\Windows\System32\WindowsPowerShell\v1.0\;C:\Windows\System32\OpenSSH\;C:\Program Files\NVIDIA Corporation\NVIDIA NvDLISR;C:\Program Files (x86)\NVIDIA Corporation\PhysX\Common;C:\WINDOWS\system32;C:\WINDOWS;C:\WINDOWS\System32\Wbem;C:\WINDOWS\System32\WindowsPowerShell\v1.0\;C:\WINDOWS\System32\OpenSSH\;C:\Program Files\Bandizip\;C:\jdk-17\bin;C:\Program Files\Git\cmd;C:\ProgramData\chocolatey\bin;C:\Users\SDS\AppData\Roaming\nvm;C:\Program Files\nodejs;C:\Program Files\apache-maven-3.9.9\bin;C:\Users\SDS\AppData\Local\Programs\Python\Python310\;C:\Users\SDS\AppData\Local\Programs\Python\Launcher\;C:\Users\SDS\AppData\Local\Microsoft\WindowsApps;C:\Users\SDS\AppData\Roaming\npm;c:\Users\SDS\AppData\Local\Programs\cursor\resources;C:\WINDOWS\system32;C:\WINDOWS;C:\WINDOWS\System32\Wbem;C:\WINDOWS\System32\WindowsPowerShell\v1.0\;C:\WINDOWS\System32\OpenSSH\;C:\Program Files (x86)\PuTTY\;C:\nodejs\;C:\Users\SDS\AppData\Local\Programs\Python\Python310\Scripts;C:\Users\SDS\AppData\Local\Programs\Python\Launcher\;C:\Users\SDS\AppData\Local\Programs\Python\Python310\;C:\Users\SDS\AppData\Local\Microsoft\WindowsApps;C:\Users\SDS\AppData\Local\Programs\Microsoft VS Code\bin;C:\jdk-17\bin;C:\Users\SDS\AppData\Roaming\nvm;C:\Program Files\nodejs;C:\Program Files\apache-maven-3.9.9\bin;C:\Users\SDS\AppData\Local\Programs\cursor\resources\app\bin;C:\Users\SDS\AppData\Roaming\npm;C:\Users\SDS\AppData\Local\Programs\Windsurf\bin;."/>
    <property name="java.vm.info" value="mixed mode, sharing"/>
    <property name="java.vendor" value="Oracle Corporation"/>
    <property name="java.vm.version" value="17+35-2724"/>
    <property name="sun.io.unicode.encoding" value="UnicodeLittle"/>
    <property name="java.class.version" value="61.0"/>
  </properties>
  <testcase name="testSuccessfulFetch" classname="com.kummyong.nifi.ftp.FlexibleFetchFTPTest" time="0.226">
    <system-err><![CDATA[SLF4J: Failed to load class "org.slf4j.impl.StaticLoggerBinder".
SLF4J: Defaulting to no-operation (NOP) logger implementation
SLF4J: See http://www.slf4j.org/codes.html#StaticLoggerBinder for further details.
]]></system-err>
  </testcase>
  <testcase name="testMissingFile" classname="com.kummyong.nifi.ftp.FlexibleFetchFTPTest" time="0"/>
</testsuite>